<?xml version="1.0" encoding="UTF-8"?>
<!-- Generated by org.testng.reporters.JUnitReportReporter -->
<testsuite hostname="LAPTOP-R07U5B31" failures="0" tests="3" name="com.demoWebShop.testscript.LoginTest" time="12.300" errors="0" timestamp="2023-06-23T05:45:54 GST" skipped="0">
  <testcase classname="com.demoWebShop.testscript.LoginTest" name="TC_001_verifyInvalidLoginErrorMessage" time="4.136"/>
  <system-out/>
  <testcase classname="com.demoWebShop.testscript.LoginTest" name="TC_001_verifyInvalidLoginErrorMessage" time="3.951"/>
  <system-out/>
  <testcase classname="com.demoWebShop.testscript.LoginTest" name="TC_001_verifyInvalidLoginErrorMessage" time="4.213"/>
  <system-out/>
</testsuite> <!-- com.demoWebShop.testscript.LoginTest -->
