<?xml version="1.0" encoding="UTF-8"?>
<!-- Generated by org.testng.reporters.JUnitReportReporter -->
<testsuite hostname="LAPTOP-R07U5B31" failures="0" tests="1" name="com.demoWebShop.testscript.HomeTest" time="26.103" errors="0" timestamp="2023-06-23T05:45:54 GST" skipped="0">
  <testcase classname="com.demoWebShop.testscript.HomeTest" name="TC_001_verifySubscribeEmailMessage" time="26.103"/>
  <system-out/>
</testsuite> <!-- com.demoWebShop.testscript.HomeTest -->
